  3DGPHomework2.cpp
C:\3DGameProgramming\LabProject04-5 (1)\LabProject04-5\GameFramework.h(1,1): warning C4819: 현재 코드 페이지(949)에서 표시할 수 없는 문자가 파일에 들어 있습니다. 데이터가 손실되지 않게 하려면 해당 파일을 유니코드 형식으로 저장하십시오.
  (소스 파일 '/3DGPHomework2.cpp'을(를) 컴파일하는 중)
  
C:\3DGameProgramming\LabProject04-5 (1)\LabProject04-5\Object.h(1,1): warning C4819: 현재 코드 페이지(949)에서 표시할 수 없는 문자가 파일에 들어 있습니다. 데이터가 손실되지 않게 하려면 해당 파일을 유니코드 형식으로 저장하십시오.
  (소스 파일 '/3DGPHomework2.cpp'을(를) 컴파일하는 중)
  
C:\3DGameProgramming\LabProject04-5 (1)\LabProject04-5\Scene.h(1,1): warning C4819: 현재 코드 페이지(949)에서 표시할 수 없는 문자가 파일에 들어 있습니다. 데이터가 손실되지 않게 하려면 해당 파일을 유니코드 형식으로 저장하십시오.
  (소스 파일 '/3DGPHomework2.cpp'을(를) 컴파일하는 중)
  
  Camera.cpp
C:\3DGameProgramming\LabProject04-5 (1)\LabProject04-5\Object.h(1,1): warning C4819: 현재 코드 페이지(949)에서 표시할 수 없는 문자가 파일에 들어 있습니다. 데이터가 손실되지 않게 하려면 해당 파일을 유니코드 형식으로 저장하십시오.
  (소스 파일 '/Camera.cpp'을(를) 컴파일하는 중)
  
  GameFramework.cpp
C:\3DGameProgramming\LabProject04-5 (1)\LabProject04-5\GameFramework.cpp(1,1): warning C4819: 현재 코드 페이지(949)에서 표시할 수 없는 문자가 파일에 들어 있습니다. 데이터가 손실되지 않게 하려면 해당 파일을 유니코드 형식으로 저장하십시오.
C:\3DGameProgramming\LabProject04-5 (1)\LabProject04-5\GameFramework.h(1,1): warning C4819: 현재 코드 페이지(949)에서 표시할 수 없는 문자가 파일에 들어 있습니다. 데이터가 손실되지 않게 하려면 해당 파일을 유니코드 형식으로 저장하십시오.
  (소스 파일 '/GameFramework.cpp'을(를) 컴파일하는 중)
  
C:\3DGameProgramming\LabProject04-5 (1)\LabProject04-5\Object.h(1,1): warning C4819: 현재 코드 페이지(949)에서 표시할 수 없는 문자가 파일에 들어 있습니다. 데이터가 손실되지 않게 하려면 해당 파일을 유니코드 형식으로 저장하십시오.
  (소스 파일 '/GameFramework.cpp'을(를) 컴파일하는 중)
  
C:\3DGameProgramming\LabProject04-5 (1)\LabProject04-5\Scene.h(1,1): warning C4819: 현재 코드 페이지(949)에서 표시할 수 없는 문자가 파일에 들어 있습니다. 데이터가 손실되지 않게 하려면 해당 파일을 유니코드 형식으로 저장하십시오.
  (소스 파일 '/GameFramework.cpp'을(를) 컴파일하는 중)
  
C:\3DGameProgramming\LabProject04-5 (1)\LabProject04-5\GameFramework.cpp(355,4): warning C4065: switch문에 'default'가 있으나 'case' 레이블이 없습니다.
  (소스 파일 '/GameFramework.cpp'을(를) 컴파일하는 중)
  
  Object.cpp
C:\3DGameProgramming\LabProject04-5 (1)\LabProject04-5\Object.cpp(1,1): warning C4819: 현재 코드 페이지(949)에서 표시할 수 없는 문자가 파일에 들어 있습니다. 데이터가 손실되지 않게 하려면 해당 파일을 유니코드 형식으로 저장하십시오.
C:\3DGameProgramming\LabProject04-5 (1)\LabProject04-5\Object.h(1,1): warning C4819: 현재 코드 페이지(949)에서 표시할 수 없는 문자가 파일에 들어 있습니다. 데이터가 손실되지 않게 하려면 해당 파일을 유니코드 형식으로 저장하십시오.
  (소스 파일 '/Object.cpp'을(를) 컴파일하는 중)
  
  Player.cpp
C:\3DGameProgramming\LabProject04-5 (1)\LabProject04-5\Object.h(1,1): warning C4819: 현재 코드 페이지(949)에서 표시할 수 없는 문자가 파일에 들어 있습니다. 데이터가 손실되지 않게 하려면 해당 파일을 유니코드 형식으로 저장하십시오.
  (소스 파일 '/Player.cpp'을(를) 컴파일하는 중)
  
  Scene.cpp
C:\3DGameProgramming\LabProject04-5 (1)\LabProject04-5\Scene.cpp(1,1): warning C4819: 현재 코드 페이지(949)에서 표시할 수 없는 문자가 파일에 들어 있습니다. 데이터가 손실되지 않게 하려면 해당 파일을 유니코드 형식으로 저장하십시오.
C:\3DGameProgramming\LabProject04-5 (1)\LabProject04-5\Scene.h(1,1): warning C4819: 현재 코드 페이지(949)에서 표시할 수 없는 문자가 파일에 들어 있습니다. 데이터가 손실되지 않게 하려면 해당 파일을 유니코드 형식으로 저장하십시오.
  (소스 파일 '/Scene.cpp'을(를) 컴파일하는 중)
  
C:\3DGameProgramming\LabProject04-5 (1)\LabProject04-5\Object.h(1,1): warning C4819: 현재 코드 페이지(949)에서 표시할 수 없는 문자가 파일에 들어 있습니다. 데이터가 손실되지 않게 하려면 해당 파일을 유니코드 형식으로 저장하십시오.
  (소스 파일 '/Scene.cpp'을(를) 컴파일하는 중)
  
C:\3DGameProgramming\LabProject04-5 (1)\LabProject04-5\Scene.cpp(294,13): warning C4267: '초기화 중': 'size_t'에서 'int'(으)로 변환하면서 데이터가 손실될 수 있습니다.
  (소스 파일 '/Scene.cpp'을(를) 컴파일하는 중)
  
C:\3DGameProgramming\LabProject04-5 (1)\LabProject04-5\Scene.cpp(323,32): warning C4267: '+=': 'size_t'에서 'int'(으)로 변환하면서 데이터가 손실될 수 있습니다.
  (소스 파일 '/Scene.cpp'을(를) 컴파일하는 중)
  
C:\3DGameProgramming\LabProject04-5 (1)\LabProject04-5\Scene.cpp(477,18): warning C4267: '초기화 중': 'size_t'에서 'int'(으)로 변환하면서 데이터가 손실될 수 있습니다.
  (소스 파일 '/Scene.cpp'을(를) 컴파일하는 중)
  
  Shader.cpp
C:\3DGameProgramming\LabProject04-5 (1)\LabProject04-5\Object.h(1,1): warning C4819: 현재 코드 페이지(949)에서 표시할 수 없는 문자가 파일에 들어 있습니다. 데이터가 손실되지 않게 하려면 해당 파일을 유니코드 형식으로 저장하십시오.
  (소스 파일 '/Shader.cpp'을(를) 컴파일하는 중)
  
  코드를 생성하고 있습니다...
  LabProject04-5.vcxproj -> C:\3DGameProgramming\LabProject04-5 (1)\LabProject04-5\x64\Debug\LabProject04-5.exe
  'pwsh.exe' is not recognized as an internal or external command,
  operable program or batch file.
